0 info it worked if it ends with ok
1 verbose cli [ 'C:\\Program Files\\nodejs\\node.exe',
1 verbose cli   'C:\\Program Files\\nodejs\\node_modules\\npm\\bin\\npm-cli.js',
1 verbose cli   'run',
1 verbose cli   'tsc',
1 verbose cli   '-w' ]
2 info using npm@3.10.3
3 info using node@v6.3.0
4 verbose run-script [ 'pretsc', 'tsc', 'posttsc' ]
5 info lifecycle product-management@1.0.0~pretsc: product-management@1.0.0
6 silly lifecycle product-management@1.0.0~pretsc: no script for pretsc, continuing
7 info lifecycle product-management@1.0.0~tsc: product-management@1.0.0
8 verbose lifecycle product-management@1.0.0~tsc: unsafe-perm in lifecycle true
9 verbose lifecycle product-management@1.0.0~tsc: PATH: C:\Users\Kristiyan\AppData\Roaming\nvm\v6.3.0\node_modules\npm\bin\node-gyp-bin;C:\Users\Kristiyan\Desktop\APM - Start\node_modules\.bin;C:\Program Files\nodejs;C:\Users\Kristiyan\AppData\Roaming\nvm\v6.3.0\node_modules\npm\bin\node-gyp-bin;C:\Users\Kristiyan\Desktop\APM - Start\node_modules\.bin;C:\Program Files\nodejs;C:\Users\Kristiyan\bin;C:\Program Files\Git\mingw64\bin;C:\Program Files\Git\usr\local\bin;C:\Program Files\Git\usr\bin;C:\Program Files\Git\usr\bin;C:\Program Files\Git\mingw64\bin;C:\Program Files\Git\usr\bin;C:\Users\Kristiyan\bin;C:\WINDOWS\system32;C:\WINDOWS;C:\WINDOWS\System32\Wbem;C:\WINDOWS\System32\WindowsPowerShell\v1.0;C:\Program Files (x86)\Skype\Phone;C:\Program Files\OpenVPN\bin;C:\Program Files\MySQL\MySQL Utilities 1.6;C:\Program Files\Git\cmd;C:\Users\Kristiyan\AppData\Roaming\nvm;C:\Program Files\nodejs;C:\Users\Kristiyan\AppData\Local\Microsoft\WindowsApps;C:\Users\Kristiyan\AppData\Roaming\npm;C:\Program Files (x86)\Microsoft VS Code\bin;C:\Users\Kristiyan\AppData\Roaming\nvm;C:\Program Files\nodejs;C:\Program Files\Git\usr\bin\vendor_perl;C:\Program Files\Git\usr\bin\core_perl
10 verbose lifecycle product-management@1.0.0~tsc: CWD: C:\Users\Kristiyan\Desktop\APM - Start
11 silly lifecycle product-management@1.0.0~tsc: Args: [ '/d /s /c', 'tsc' ]
12 silly lifecycle product-management@1.0.0~tsc: Returned: code: 2  signal: null
13 info lifecycle product-management@1.0.0~tsc: Failed to exec tsc script
14 verbose stack Error: product-management@1.0.0 tsc: `tsc`
14 verbose stack Exit status 2
14 verbose stack     at EventEmitter.<anonymous> (C:\Users\Kristiyan\AppData\Roaming\nvm\v6.3.0\node_modules\npm\lib\utils\lifecycle.js:242:16)
14 verbose stack     at emitTwo (events.js:106:13)
14 verbose stack     at EventEmitter.emit (events.js:191:7)
14 verbose stack     at ChildProcess.<anonymous> (C:\Users\Kristiyan\AppData\Roaming\nvm\v6.3.0\node_modules\npm\lib\utils\spawn.js:40:14)
14 verbose stack     at emitTwo (events.js:106:13)
14 verbose stack     at ChildProcess.emit (events.js:191:7)
14 verbose stack     at maybeClose (internal/child_process.js:852:16)
14 verbose stack     at Process.ChildProcess._handle.onexit (internal/child_process.js:215:5)
15 verbose pkgid product-management@1.0.0
16 verbose cwd C:\Users\Kristiyan\Desktop\APM - Start
17 error Windows_NT 10.0.15063
18 error argv "C:\\Program Files\\nodejs\\node.exe" "C:\\Program Files\\nodejs\\node_modules\\npm\\bin\\npm-cli.js" "run" "tsc" "-w"
19 error node v6.3.0
20 error npm  v3.10.3
21 error code ELIFECYCLE
22 error product-management@1.0.0 tsc: `tsc`
22 error Exit status 2
23 error Failed at the product-management@1.0.0 tsc script 'tsc'.
23 error Make sure you have the latest version of node.js and npm installed.
23 error If you do, this is most likely a problem with the product-management package,
23 error not with npm itself.
23 error Tell the author that this fails on your system:
23 error     tsc
23 error You can get information on how to open an issue for this project with:
23 error     npm bugs product-management
23 error Or if that isn't available, you can get their info via:
23 error     npm owner ls product-management
23 error There is likely additional logging output above.
24 verbose exit [ 1, true ]
